<?xml version="1.0" encoding="UTF-8"?>
<testsuite name="elements.ButtonsTests" tests="3" skipped="0" failures="0" errors="0" timestamp="2024-01-06T14:16:35" hostname="ANTON" time="5.478">
  <properties/>
  <testcase name="testDoubleClickButton()" classname="elements.ButtonsTests" time="4.157"/>
  <testcase name="testRightClickButton()" classname="elements.ButtonsTests" time="0.798"/>
  <testcase name="testClickButton()" classname="elements.ButtonsTests" time="0.521"/>
  <system-out><![CDATA[]]></system-out>
  <system-err><![CDATA[SLF4J: No SLF4J providers were found.
SLF4J: Defaulting to no-operation (NOP) logger implementation
SLF4J: See https://www.slf4j.org/codes.html#noProviders for further details.
]]></system-err>
</testsuite>
